[  2%] Built target gazebo_ros_template
[  4%] Built target gazebo_ros_vacuum_gripper
[  7%] Built target gazebo_ros_range
[  9%] Built target gazebo_ros_hand_of_god
[ 12%] Built target gazebo_ros_planar_move
[ 14%] Built target gazebo_ros_ft_sensor
[ 16%] Built target gazebo_ros_video
[ 16%] Built target tf2_msgs_generate_messages_nodejs
[ 16%] Built target nav_msgs_generate_messages_eus
[ 16%] Built target bond_generate_messages_py
[ 19%] Built target gazebo_ros_skid_steer_drive
[ 21%] Built target gazebo_ros_utils
[ 21%] Built target bond_generate_messages_nodejs
[ 21%] Built target nodelet_generate_messages_py
[ 21%] Built target nodelet_generate_messages_nodejs
[ 21%] Built target rosgraph_msgs_generate_messages_nodejs
[ 21%] Built target roscpp_generate_messages_eus
[ 21%] Built target rosgraph_msgs_generate_messages_cpp
[ 21%] Built target roscpp_generate_messages_nodejs
[ 21%] Built target trajectory_msgs_generate_messages_py
[ 21%] Built target actionlib_generate_messages_eus
[ 21%] Built target rosgraph_msgs_generate_messages_eus
[ 21%] Built target std_srvs_generate_messages_eus
[ 21%] Built target bond_generate_messages_cpp
[ 21%] Built target polled_camera_generate_messages_nodejs
[ 21%] Built target gazebo_msgs_generate_messages_lisp
[ 21%] Built target roscpp_generate_messages_py
[ 21%] Built target dynamic_reconfigure_generate_messages_nodejs
[ 21%] Built target tf2_msgs_generate_messages_py
[ 21%] Built target sensor_msgs_generate_messages_nodejs
[ 21%] Built target actionlib_msgs_generate_messages_lisp
[ 21%] Built target tf_generate_messages_py
[ 21%] Built target actionlib_msgs_generate_messages_nodejs
[ 21%] Built target geometry_msgs_generate_messages_nodejs
[ 21%] Built target gazebo_msgs_generate_messages_eus
[ 21%] Built target geometry_msgs_generate_messages_lisp
[ 21%] Built target dynamic_reconfigure_generate_messages_eus
[ 21%] Built target trajectory_msgs_generate_messages_eus
[ 21%] Built target trajectory_msgs_generate_messages_cpp
[ 21%] Built target diagnostic_msgs_generate_messages_cpp
[ 21%] Built target std_msgs_generate_messages_cpp
[ 21%] Built target std_srvs_generate_messages_cpp
[ 21%] Built target rosgraph_msgs_generate_messages_lisp
[ 21%] Built target nav_msgs_generate_messages_cpp
[ 21%] Built target visualization_msgs_generate_messages_eus
[ 21%] Built target std_msgs_generate_messages_lisp
[ 21%] Built target gazebo_msgs_generate_messages_cpp
[ 21%] Built target std_srvs_generate_messages_lisp
[ 21%] Built target std_msgs_generate_messages_eus
[ 21%] Built target roscpp_generate_messages_lisp
[ 21%] Built target _catkin_empty_exported_target
[ 21%] Built target actionlib_generate_messages_lisp
[ 21%] Built target nodelet_generate_messages_lisp
[ 21%] Built target std_msgs_generate_messages_nodejs
[ 21%] Built target gazebo_msgs_generate_messages_py
[ 21%] Built target std_msgs_generate_messages_py
[ 21%] Built target sensor_msgs_generate_messages_cpp
[ 21%] Built target nav_msgs_generate_messages_nodejs
[ 21%] Built target nodelet_generate_messages_eus
[ 21%] Built target gazebo_msgs_generate_messages_nodejs
[ 21%] Built target trajectory_msgs_generate_messages_nodejs
[ 21%] Built target diagnostic_msgs_generate_messages_eus
[ 21%] Built target trajectory_msgs_generate_messages_lisp
[ 21%] Built target geometry_msgs_generate_messages_cpp
[ 21%] Built target geometry_msgs_generate_messages_eus
[ 21%] Built target tf2_msgs_generate_messages_eus
[ 21%] Built target geometry_msgs_generate_messages_py
[ 21%] Built target bond_generate_messages_lisp
[ 21%] Built target sensor_msgs_generate_messages_eus
[ 21%] Built target tf_generate_messages_eus
[ 21%] Built target visualization_msgs_generate_messages_cpp
[ 21%] Built target roscpp_generate_messages_cpp
[ 21%] Built target tf_generate_messages_lisp
[ 21%] Built target actionlib_msgs_generate_messages_cpp
[ 21%] Built target actionlib_msgs_generate_messages_eus
[ 21%] Built target dynamic_reconfigure_generate_messages_py
[ 21%] Built target actionlib_msgs_generate_messages_py
[ 21%] Built target tf_generate_messages_cpp
[ 21%] Built target tf_generate_messages_nodejs
[ 21%] Built target actionlib_generate_messages_cpp
[ 21%] Built target actionlib_generate_messages_nodejs
[ 21%] Built target diagnostic_msgs_generate_messages_lisp
[ 21%] Built target std_srvs_generate_messages_py
[ 21%] Built target actionlib_generate_messages_py
[ 21%] Built target nav_msgs_generate_messages_lisp
[ 21%] Built target dynamic_reconfigure_generate_messages_lisp
[ 21%] Built target tf2_msgs_generate_messages_cpp
[ 21%] Built target tf2_msgs_generate_messages_lisp
[ 21%] Built target diagnostic_msgs_generate_messages_py
[ 21%] Built target dynamic_reconfigure_generate_messages_cpp
[ 21%] Built target dynamic_reconfigure_gencfg
[ 21%] Built target polled_camera_generate_messages_lisp
[ 21%] Built target polled_camera_generate_messages_cpp
[ 21%] Built target polled_camera_generate_messages_eus
[ 21%] Built target polled_camera_generate_messages_py
[ 21%] Built target visualization_msgs_generate_messages_lisp
[ 21%] Built target diagnostic_msgs_generate_messages_nodejs
[ 21%] Built target rosgraph_msgs_generate_messages_py
[ 21%] Built target visualization_msgs_generate_messages_nodejs
[ 21%] Built target visualization_msgs_generate_messages_py
[ 21%] Built target bond_generate_messages_eus
[ 21%] Built target sensor_msgs_generate_messages_py
[ 21%] Built target nav_msgs_generate_messages_py
[ 21%] Built target std_srvs_generate_messages_nodejs
[ 21%] Built target nodelet_generate_messages_cpp
[ 21%] Built target sensor_msgs_generate_messages_lisp
[ 24%] Built target gazebo_ros_f3d
[ 26%] Built target gazebo_ros_projector
[ 28%] Built target gazebo_ros_block_laser
[ 31%] Built target gazebo_ros_tricycle_drive
[ 33%] Built target gazebo_ros_harness
[ 36%] Built target MultiCameraPlugin
[ 38%] Built target pub_joint_trajectory_test
[ 40%] Built target gazebo_ros_imu_sensor
[ 43%] Built target gazebo_ros_force
[ 45%] Built target gazebo_ros_gpu_laser
[ 48%] Built target gazebo_ros_laser
[ 50%] Built target gazebo_ros_p3d
[ 53%] Built target gazebo_ros_imu
[ 55%] Built target gazebo_ros_bumper
[ 57%] Built target gazebo_ros_diff_drive
[ 63%] Built target gazebo_plugins_gencfg
[ 66%] Built target gazebo_ros_joint_pose_trajectory
[ 68%] Built target gazebo_ros_joint_state_publisher
[ 71%] Built target gazebo_ros_camera_utils
[ 73%] Built target hokuyo_node
[ 75%] Built target vision_reconfigure
[ 78%] Built target gazebo_ros_triggered_camera
[ 80%] Built target gazebo_ros_camera
[ 83%] Built target gazebo_ros_elevator
[ 85%] Built target gazebo_ros_multicamera
[ 87%] Built target gazebo_ros_depth_camera
[ 90%] Built target gazebo_ros_openni_kinect
[ 92%] Built target gazebo_ros_wheel_slip
[ 95%] Built target camera_synchronizer
[ 97%] Built target gazebo_ros_prosilica
[100%] Built target gazebo_ros_triggered_multicamera
