[35m[1mScanning dependencies of target actionlib_msgs_generate_messages_nodejs[0m
[35m[1mScanning dependencies of target kortex_driver_generate_messages_nodejs[0m
[35m[1mScanning dependencies of target kortex_driver_generate_messages_py[0m
[35m[1mScanning dependencies of target actionlib_generate_messages_nodejs[0m
[35m[1mScanning dependencies of target kortex_driver_generate_messages_eus[0m
[35m[1mScanning dependencies of target rosgraph_msgs_generate_messages_eus[0m
[35m[1mScanning dependencies of target kortex_driver_generate_messages_cpp[0m
[35m[1mScanning dependencies of target actionlib_generate_messages_py[0m
[35m[1mScanning dependencies of target rosgraph_msgs_generate_messages_cpp[0m
[  0%] Built target kortex_driver_generate_messages_py
[  0%] Built target kortex_driver_generate_messages_eus
[  0%] Built target actionlib_generate_messages_nodejs
[  0%] Built target kortex_driver_generate_messages_nodejs
[  0%] Built target kortex_driver_generate_messages_cpp
[  0%] Built target actionlib_generate_messages_py
[  0%] Built target actionlib_msgs_generate_messages_nodejs
[  0%] Built target rosgraph_msgs_generate_messages_cpp
[  0%] Built target rosgraph_msgs_generate_messages_eus
[35m[1mScanning dependencies of target roscpp_generate_messages_nodejs[0m
[35m[1mScanning dependencies of target std_msgs_generate_messages_eus[0m
[35m[1mScanning dependencies of target kortex_driver_generate_messages_lisp[0m
[35m[1mScanning dependencies of target roscpp_generate_messages_eus[0m
[35m[1mScanning dependencies of target roscpp_generate_messages_cpp[0m
[35m[1mScanning dependencies of target rosgraph_msgs_generate_messages_lisp[0m
[35m[1mScanning dependencies of target roscpp_generate_messages_py[0m
[35m[1mScanning dependencies of target std_msgs_generate_messages_lisp[0m
[35m[1mScanning dependencies of target rosgraph_msgs_generate_messages_py[0m
[35m[1mScanning dependencies of target actionlib_msgs_generate_messages_eus[0m
[  0%] Built target std_msgs_generate_messages_eus
[  0%] Built target roscpp_generate_messages_nodejs
[  0%] Built target roscpp_generate_messages_eus
[  0%] Built target kortex_driver_generate_messages_lisp
[  0%] Built target roscpp_generate_messages_cpp
[  0%] Built target rosgraph_msgs_generate_messages_lisp
[  0%] Built target std_msgs_generate_messages_lisp
[  0%] Built target roscpp_generate_messages_py
[  0%] Built target rosgraph_msgs_generate_messages_py
[  0%] Built target actionlib_msgs_generate_messages_eus
[35m[1mScanning dependencies of target roscpp_generate_messages_lisp[0m
[35m[1mScanning dependencies of target actionlib_generate_messages_lisp[0m
[35m[1mScanning dependencies of target std_msgs_generate_messages_py[0m
[35m[1mScanning dependencies of target std_msgs_generate_messages_cpp[0m
[35m[1mScanning dependencies of target actionlib_generate_messages_cpp[0m
[35m[1mScanning dependencies of target std_msgs_generate_messages_nodejs[0m
[35m[1mScanning dependencies of target rosgraph_msgs_generate_messages_nodejs[0m
[  0%] Built target roscpp_generate_messages_lisp
[35m[1mScanning dependencies of target actionlib_msgs_generate_messages_cpp[0m
[35m[1mScanning dependencies of target actionlib_msgs_generate_messages_py[0m
[35m[1mScanning dependencies of target actionlib_msgs_generate_messages_lisp[0m
[  0%] Built target std_msgs_generate_messages_cpp
[  0%] Built target std_msgs_generate_messages_py
[  0%] Built target std_msgs_generate_messages_nodejs
[  0%] Built target actionlib_generate_messages_cpp
[  0%] Built target actionlib_generate_messages_lisp
[  0%] Built target rosgraph_msgs_generate_messages_nodejs
[  0%] Built target actionlib_msgs_generate_messages_cpp
[35m[1mScanning dependencies of target actionlib_generate_messages_eus[0m
[  0%] Built target actionlib_msgs_generate_messages_py
[  0%] Built target actionlib_msgs_generate_messages_lisp
[  0%] Built target actionlib_generate_messages_eus
[35m[1mScanning dependencies of target example_full_arm_movement_cpp[0m
[35m[1mScanning dependencies of target example_vision_configuration_cpp[0m
[35m[1mScanning dependencies of target example_cartesian_poses_with_notifications_cpp[0m
[35m[1mScanning dependencies of target example_waypoint_action_client_cpp[0m
[35m[1mScanning dependencies of target example_actuator_configuration_cpp[0m
[ 10%] [32mBuilding CXX object CMakeFiles/example_vision_configuration_cpp.dir/src/vision_config/example_vision_configuration.cpp.o[0m
[ 20%] [32mBuilding CXX object CMakeFiles/example_actuator_configuration_cpp.dir/src/actuator_config/example_actuator_configuration.cpp.o[0m
[ 30%] [32mBuilding CXX object CMakeFiles/example_full_arm_movement_cpp.dir/src/full_arm/example_full_arm_movement.cpp.o[0m
[ 40%] [32mBuilding CXX object CMakeFiles/example_cartesian_poses_with_notifications_cpp.dir/src/full_arm/example_cartesian_poses_with_notifications.cpp.o[0m
[ 50%] [32mBuilding CXX object CMakeFiles/example_waypoint_action_client_cpp.dir/src/full_arm/example_waypoint_action_client.cpp.o[0m
[ 60%] [32m[1mLinking CXX executable /home/sharer/official_kortex_prime/devel/.private/kortex_examples/lib/kortex_examples/example_vision_configuration_cpp[0m
[ 70%] [32m[1mLinking CXX executable /home/sharer/official_kortex_prime/devel/.private/kortex_examples/lib/kortex_examples/example_actuator_configuration_cpp[0m
[ 70%] Built target example_vision_configuration_cpp
[ 70%] Built target example_actuator_configuration_cpp
[ 80%] [32m[1mLinking CXX executable /home/sharer/official_kortex_prime/devel/.private/kortex_examples/lib/kortex_examples/example_cartesian_poses_with_notifications_cpp[0m
[ 80%] Built target example_cartesian_poses_with_notifications_cpp
[ 90%] [32m[1mLinking CXX executable /home/sharer/official_kortex_prime/devel/.private/kortex_examples/lib/kortex_examples/example_full_arm_movement_cpp[0m
[ 90%] Built target example_full_arm_movement_cpp
[100%] [32m[1mLinking CXX executable /home/sharer/official_kortex_prime/devel/.private/kortex_examples/lib/kortex_examples/example_waypoint_action_client_cpp[0m
[100%] Built target example_waypoint_action_client_cpp
