[36m--[0m Using CATKIN_DEVEL_PREFIX: /home/sharer/official_kortex_prime/devel/.private/kortex_examples
[36m--[0m Using CMAKE_PREFIX_PATH: /home/sharer/official_kortex_prime/devel;/home/sharer/rob514_ws/devel;/opt/ros/noetic
[36m--[0m This workspace overlays: /home/sharer/official_kortex_prime/devel;/home/sharer/rob514_ws/devel;/opt/ros/noetic
[36m--[0m Found PythonInterp: /usr/bin/python3 (found suitable version "3.8.10", minimum required is "3")
[36m--[0m Using PYTHON_EXECUTABLE: /usr/bin/python3
[36m--[0m Using Debian Python package layout
[36m--[0m Using empy: /usr/lib/python3/dist-packages/em.py
[36m--[0m Using CATKIN_ENABLE_TESTING: ON
[36m--[0m Call enable_testing()
[36m--[0m Using CATKIN_TEST_RESULTS_DIR: /home/sharer/official_kortex_prime/build/kortex_examples/test_results
[36m--[0m Forcing gtest/gmock from source, though one was otherwise available.
[36m--[0m Found gtest sources under '/usr/src/googletest': gtests will be built
[36m--[0m Found gmock sources under '/usr/src/googletest': gmock will be built
[36m--[0m Found PythonInterp: /usr/bin/python3 (found version "3.8.10")
[36m--[0m Using Python nosetests: /usr/bin/nosetests3
[36m--[0m catkin 0.8.12
[36m--[0m BUILD_SHARED_LIBS is on
[36m--[0m Using these message generators: gencpp;geneus;genlisp;gennodejs;genpy
[36m--[0m Installing devel-space wrapper /home/sharer/official_kortex_prime/src/ros_kortex/kortex_examples/src/actuator_config/example_actuator_configuration.py to /home/sharer/official_kortex_prime/devel/.private/kortex_examples/lib/kortex_examples
[36m--[0m Installing devel-space wrapper /home/sharer/official_kortex_prime/src/ros_kortex/kortex_examples/src/full_arm/example_cartesian_poses_with_notifications.py to /home/sharer/official_kortex_prime/devel/.private/kortex_examples/lib/kortex_examples
[36m--[0m Installing devel-space wrapper /home/sharer/official_kortex_prime/src/ros_kortex/kortex_examples/src/full_arm/example_full_arm_movement.py to /home/sharer/official_kortex_prime/devel/.private/kortex_examples/lib/kortex_examples
[36m--[0m Installing devel-space wrapper /home/sharer/official_kortex_prime/src/ros_kortex/kortex_examples/src/full_arm/example_waypoint_action_client.py to /home/sharer/official_kortex_prime/devel/.private/kortex_examples/lib/kortex_examples
[36m--[0m Installing devel-space wrapper /home/sharer/official_kortex_prime/src/ros_kortex/kortex_examples/src/move_it/example_move_it_trajectories.py to /home/sharer/official_kortex_prime/devel/.private/kortex_examples/lib/kortex_examples
[36m--[0m Installing devel-space wrapper /home/sharer/official_kortex_prime/src/ros_kortex/kortex_examples/src/vision_config/example_vision_configuration.py to /home/sharer/official_kortex_prime/devel/.private/kortex_examples/lib/kortex_examples
[36m--[0m Configuring done
[36m--[0m Generating done
[36m--[0m Build files have been written to: /home/sharer/official_kortex_prime/build/kortex_examples
